This file contains any messages produced by compilers while
running configure, to aid debugging if configure makes a mistake.

It was created by reaver configure 1.5, which was
generated by GNU Autoconf 2.69.  Invocation command line was

  $ ./configure 

## --------- ##
## Platform. ##
## --------- ##

hostname = black-jet-man
uname -m = x86_64
uname -r = 4.4.0-45-generic
uname -s = Linux
uname -v = #66-Ubuntu SMP Wed Oct 19 14:12:37 UTC 2016

/usr/bin/uname -p = unknown
/bin/uname -X     = unknown

/bin/arch              = unknown
/usr/bin/arch -k       = unknown
/usr/convex/getsysinfo = unknown
/usr/bin/hostinfo      = unknown
/bin/machine           = unknown
/usr/bin/oslevel       = unknown
/bin/universe          = unknown

PATH: /home/user195/.rvm/gems/ruby-2.0.0-p598/bin
PATH: /home/user195/.rvm/gems/ruby-2.0.0-p598@global/bin
PATH: /home/user195/.rvm/rubies/ruby-2.0.0-p598/bin
PATH: /usr/local/sbin
PATH: /usr/local/bin
PATH: /usr/sbin
PATH: /usr/bin
PATH: /sbin
PATH: /bin
PATH: /usr/games
PATH: /usr/local/games
PATH: /snap/bin
PATH: /home/user195/bin
PATH: /usr/lib/jvm/java-8-oracle//bin
PATH: /home/user195/.rvm/bin
PATH: /home/user195/schemacrawler
PATH: /snap/bin
PATH: /home/user195/bin
PATH: /usr/lib/jvm/java-8-oracle//bin
PATH: /home/user195/.rvm/bin
PATH: /home/user195/.composer/vendor/bin
PATH: /home/user195
PATH: /home/user195/.rvm/bin
PATH: /home/user195/schemacrawler


## ----------- ##
## Core tests. ##
## ----------- ##

configure:2061: checking for gcc
configure:2077: found /usr/bin/gcc
configure:2088: result: gcc
configure:2317: checking for C compiler version
configure:2326: gcc --version >&5
gcc (Ubuntu 5.4.0-6ubuntu1~16.04.2) 5.4.0 20160609
Copyright (C) 2015 Free Software Foundation, Inc.
This is free software; see the source for copying conditions.  There is NO
warranty; not even for MERCHANTABILITY or FITNESS FOR A PARTICULAR PURPOSE.

configure:2337: $? = 0
configure:2326: gcc -v >&5
Using built-in specs.
COLLECT_GCC=gcc
COLLECT_LTO_WRAPPER=/usr/lib/gcc/x86_64-linux-gnu/5/lto-wrapper
Target: x86_64-linux-gnu
Configured with: ../src/configure -v --with-pkgversion='Ubuntu 5.4.0-6ubuntu1~16.04.2' --with-bugurl=file:///usr/share/doc/gcc-5/README.Bugs --enable-languages=c,ada,c++,java,go,d,fortran,objc,obj-c++ --prefix=/usr --program-suffix=-5 --enable-shared --enable-linker-build-id --libexecdir=/usr/lib --without-included-gettext --enable-threads=posix --libdir=/usr/lib --enable-nls --with-sysroot=/ --enable-clocale=gnu --enable-libstdcxx-debug --enable-libstdcxx-time=yes --with-default-libstdcxx-abi=new --enable-gnu-unique-object --disable-vtable-verify --enable-libmpx --enable-plugin --with-system-zlib --disable-browser-plugin --enable-java-awt=gtk --enable-gtk-cairo --with-java-home=/usr/lib/jvm/java-1.5.0-gcj-5-amd64/jre --enable-java-home --with-jvm-root-dir=/usr/lib/jvm/java-1.5.0-gcj-5-amd64 --with-jvm-jar-dir=/usr/lib/jvm-exports/java-1.5.0-gcj-5-amd64 --with-arch-directory=amd64 --with-ecj-jar=/usr/share/java/eclipse-ecj.jar --enable-objc-gc --enable-multiarch --disable-werror --with-arch-32=i686 --with-abi=m64 --with-multilib-list=m32,m64,mx32 --enable-multilib --with-tune=generic --enable-checking=release --build=x86_64-linux-gnu --host=x86_64-linux-gnu --target=x86_64-linux-gnu
Thread model: posix
gcc version 5.4.0 20160609 (Ubuntu 5.4.0-6ubuntu1~16.04.2) 
configure:2337: $? = 0
configure:2326: gcc -V >&5
gcc: error: unrecognized command line option '-V'
gcc: fatal error: no input files
compilation terminated.
configure:2337: $? = 1
configure:2326: gcc -qversion >&5
gcc: error: unrecognized command line option '-qversion'
gcc: fatal error: no input files
compilation terminated.
configure:2337: $? = 1
configure:2357: checking whether the C compiler works
configure:2379: gcc    conftest.c  >&5
configure:2383: $? = 0
configure:2431: result: yes
configure:2434: checking for C compiler default output file name
configure:2436: result: a.out
configure:2442: checking for suffix of executables
configure:2449: gcc -o conftest    conftest.c  >&5
configure:2453: $? = 0
configure:2475: result: 
configure:2497: checking whether we are cross compiling
configure:2505: gcc -o conftest    conftest.c  >&5
configure:2509: $? = 0
configure:2516: ./conftest
configure:2520: $? = 0
configure:2535: result: no
configure:2540: checking for suffix of object files
configure:2562: gcc -c   conftest.c >&5
configure:2566: $? = 0
configure:2587: result: o
configure:2591: checking whether we are using the GNU C compiler
configure:2610: gcc -c   conftest.c >&5
configure:2610: $? = 0
configure:2619: result: yes
configure:2628: checking whether gcc accepts -g
configure:2648: gcc -c -g  conftest.c >&5
configure:2648: $? = 0
configure:2689: result: yes
configure:2706: checking for gcc option to accept ISO C89
configure:2769: gcc  -c -g -O2  conftest.c >&5
configure:2769: $? = 0
configure:2782: result: none needed
configure:2813: checking for pcap_open_live in -lpcap
configure:2838: gcc -o conftest -Wall -g -O2  -lm -lpcap -lsqlite3  conftest.c -lpcap   >&5
configure:2838: $? = 0
configure:2847: result: yes
configure:2860: checking for sqlite3_open in -lsqlite3
configure:2885: gcc -o conftest -Wall -g -O2  -lm -lpcap -lsqlite3  conftest.c -lsqlite3  -lpcap  >&5
configure:2885: $? = 0
configure:2894: result: yes
configure:2912: checking how to run the C preprocessor
configure:2943: gcc -E  conftest.c
configure:2943: $? = 0
configure:2957: gcc -E  conftest.c
conftest.c:11:28: fatal error: ac_nonexistent.h: No such file or directory
compilation terminated.
configure:2957: $? = 1
configure: failed program was:
| /* confdefs.h */
| #define PACKAGE_NAME "reaver"
| #define PACKAGE_TARNAME "reaver"
| #define PACKAGE_VERSION "1.5.3"
| #define PACKAGE_STRING "reaver 1.5.3"
| #define PACKAGE_BUGREPORT ""
| #define PACKAGE_URL ""
| #define HAVE_LIBPCAP 1
| #define HAVE_LIBSQLITE3 1
| /* end confdefs.h.  */
| #include <ac_nonexistent.h>
configure:2982: result: gcc -E
configure:3002: gcc -E  conftest.c
configure:3002: $? = 0
configure:3016: gcc -E  conftest.c
conftest.c:11:28: fatal error: ac_nonexistent.h: No such file or directory
compilation terminated.
configure:3016: $? = 1
configure: failed program was:
| /* confdefs.h */
| #define PACKAGE_NAME "reaver"
| #define PACKAGE_TARNAME "reaver"
| #define PACKAGE_VERSION "1.5.3"
| #define PACKAGE_STRING "reaver 1.5.3"
| #define PACKAGE_BUGREPORT ""
| #define PACKAGE_URL ""
| #define HAVE_LIBPCAP 1
| #define HAVE_LIBSQLITE3 1
| /* end confdefs.h.  */
| #include <ac_nonexistent.h>
configure:3045: checking for grep that handles long lines and -e
configure:3103: result: /bin/grep
configure:3108: checking for egrep
configure:3170: result: /bin/grep -E
configure:3175: checking for ANSI C header files
configure:3195: gcc -c -Wall -g -O2  conftest.c >&5
configure:3195: $? = 0
configure:3268: gcc -o conftest -Wall -g -O2  -lm -lpcap -lsqlite3  conftest.c -lsqlite3 -lpcap  >&5
configure:3268: $? = 0
configure:3268: ./conftest
configure:3268: $? = 0
configure:3279: result: yes
configure:3292: checking for sys/types.h
configure:3292: gcc -c -Wall -g -O2  conftest.c >&5
configure:3292: $? = 0
configure:3292: result: yes
configure:3292: checking for sys/stat.h
configure:3292: gcc -c -Wall -g -O2  conftest.c >&5
configure:3292: $? = 0
configure:3292: result: yes
configure:3292: checking for stdlib.h
configure:3292: gcc -c -Wall -g -O2  conftest.c >&5
configure:3292: $? = 0
configure:3292: result: yes
configure:3292: checking for string.h
configure:3292: gcc -c -Wall -g -O2  conftest.c >&5
configure:3292: $? = 0
configure:3292: result: yes
configure:3292: checking for memory.h
configure:3292: gcc -c -Wall -g -O2  conftest.c >&5
configure:3292: $? = 0
configure:3292: result: yes
configure:3292: checking for strings.h
configure:3292: gcc -c -Wall -g -O2  conftest.c >&5
configure:3292: $? = 0
configure:3292: result: yes
configure:3292: checking for inttypes.h
configure:3292: gcc -c -Wall -g -O2  conftest.c >&5
configure:3292: $? = 0
configure:3292: result: yes
configure:3292: checking for stdint.h
configure:3292: gcc -c -Wall -g -O2  conftest.c >&5
configure:3292: $? = 0
configure:3292: result: yes
configure:3292: checking for unistd.h
configure:3292: gcc -c -Wall -g -O2  conftest.c >&5
configure:3292: $? = 0
configure:3292: result: yes
configure:3307: checking for stdlib.h
configure:3307: result: yes
configure:3307: checking for stdint.h
configure:3307: result: yes
configure:3307: checking for string.h
configure:3307: result: yes
configure:3321: checking pcap.h usability
configure:3321: gcc -c -Wall -g -O2  conftest.c >&5
configure:3321: $? = 0
configure:3321: result: yes
configure:3321: checking pcap.h presence
configure:3321: gcc -E  conftest.c
configure:3321: $? = 0
configure:3321: result: yes
configure:3321: checking for pcap.h
configure:3321: result: yes
configure:3335: checking sqlite3.h usability
configure:3335: gcc -c -Wall -g -O2  conftest.c >&5
configure:3335: $? = 0
configure:3335: result: yes
configure:3335: checking sqlite3.h presence
configure:3335: gcc -E  conftest.c
configure:3335: $? = 0
configure:3335: result: yes
configure:3335: checking for sqlite3.h
configure:3335: result: yes
configure:3504: creating ./config.status

## ---------------------- ##
## Running config.status. ##
## ---------------------- ##

This file was extended by reaver config.status 1.5, which was
generated by GNU Autoconf 2.69.  Invocation command line was

  CONFIG_FILES    = 
  CONFIG_HEADERS  = 
  CONFIG_LINKS    = 
  CONFIG_COMMANDS = 
  $ ./config.status 

on black-jet-man

config.status:725: creating Makefile

## ---------------- ##
## Cache variables. ##
## ---------------- ##

ac_cv_c_compiler_gnu=yes
ac_cv_env_CC_set=
ac_cv_env_CC_value=
ac_cv_env_CFLAGS_set=
ac_cv_env_CFLAGS_value=
ac_cv_env_CPPFLAGS_set=
ac_cv_env_CPPFLAGS_value=
ac_cv_env_CPP_set=
ac_cv_env_CPP_value=
ac_cv_env_LDFLAGS_set=
ac_cv_env_LDFLAGS_value=
ac_cv_env_LIBS_set=
ac_cv_env_LIBS_value=
ac_cv_env_build_alias_set=
ac_cv_env_build_alias_value=
ac_cv_env_host_alias_set=
ac_cv_env_host_alias_value=
ac_cv_env_target_alias_set=
ac_cv_env_target_alias_value=
ac_cv_header_inttypes_h=yes
ac_cv_header_memory_h=yes
ac_cv_header_pcap_h=yes
ac_cv_header_sqlite3_h=yes
ac_cv_header_stdc=yes
ac_cv_header_stdint_h=yes
ac_cv_header_stdlib_h=yes
ac_cv_header_string_h=yes
ac_cv_header_strings_h=yes
ac_cv_header_sys_stat_h=yes
ac_cv_header_sys_types_h=yes
ac_cv_header_unistd_h=yes
ac_cv_lib_pcap_pcap_open_live=yes
ac_cv_lib_sqlite3_sqlite3_open=yes
ac_cv_objext=o
ac_cv_path_EGREP='/bin/grep -E'
ac_cv_path_GREP=/bin/grep
ac_cv_prog_CPP='gcc -E'
ac_cv_prog_ac_ct_CC=gcc
ac_cv_prog_cc_c89=
ac_cv_prog_cc_g=yes

## ----------------- ##
## Output variables. ##
## ----------------- ##

CC='gcc'
CFLAGS='-Wall -g -O2'
CPP='gcc -E'
CPPFLAGS=''
DEFS='-DPACKAGE_NAME=\"reaver\" -DPACKAGE_TARNAME=\"reaver\" -DPACKAGE_VERSION=\"1.5.3\" -DPACKAGE_STRING=\"reaver\ 1.5.3\" -DPACKAGE_BUGREPORT=\"\" -DPACKAGE_URL=\"\" -DHAVE_LIBPCAP=1 -DHAVE_LIBSQLITE3=1 -DSTDC_HEADERS=1 -DHAVE_SYS_TYPES_H=1 -DHAVE_SYS_STAT_H=1 -DHAVE_STDLIB_H=1 -DHAVE_STRING_H=1 -DHAVE_MEMORY_H=1 -DHAVE_STRINGS_H=1 -DHAVE_INTTYPES_H=1 -DHAVE_STDINT_H=1 -DHAVE_UNISTD_H=1 -DHAVE_STDLIB_H=1 -DHAVE_STDINT_H=1 -DHAVE_STRING_H=1 -DHAVE_PCAP_H=1 -DHAVE_SQLITE3_H=1'
ECHO_C=''
ECHO_N='-n'
ECHO_T=''
EGREP='/bin/grep -E'
EXEEXT=''
GREP='/bin/grep'
LDFLAGS='-lm -lpcap -lsqlite3 '
LIBOBJS=''
LIBS='-lsqlite3 -lpcap '
LTLIBOBJS=''
OBJEXT='o'
PACKAGE_BUGREPORT=''
PACKAGE_NAME='reaver'
PACKAGE_STRING='reaver 1.5.3'
PACKAGE_TARNAME='reaver'
PACKAGE_URL=''
PACKAGE_VERSION='1.5.3'
PATH_SEPARATOR=':'
SHELL='/bin/bash'
ac_ct_CC='gcc'
bindir='${exec_prefix}/bin'
build_alias=''
datadir='${datarootdir}'
datarootdir='${prefix}/share'
docdir='${datarootdir}/doc/${PACKAGE_TARNAME}'
dvidir='${docdir}'
exec_prefix='${prefix}'
host_alias=''
htmldir='${docdir}'
includedir='${prefix}/include'
infodir='${datarootdir}/info'
libdir='${exec_prefix}/lib'
libexecdir='${exec_prefix}/libexec'
localedir='${datarootdir}/locale'
localstatedir='${prefix}/var'
mandir='${datarootdir}/man'
oldincludedir='/usr/include'
pdfdir='${docdir}'
prefix='/usr/local'
program_transform_name='s,x,x,'
psdir='${docdir}'
sbindir='${exec_prefix}/sbin'
sharedstatedir='${prefix}/com'
sysconfdir='${prefix}/etc'
target='reaver'
target_alias=''

## ----------- ##
## confdefs.h. ##
## ----------- ##

/* confdefs.h */
#define PACKAGE_NAME "reaver"
#define PACKAGE_TARNAME "reaver"
#define PACKAGE_VERSION "1.5.3"
#define PACKAGE_STRING "reaver 1.5.3"
#define PACKAGE_BUGREPORT ""
#define PACKAGE_URL ""
#define HAVE_LIBPCAP 1
#define HAVE_LIBSQLITE3 1
#define STDC_HEADERS 1
#define HAVE_SYS_TYPES_H 1
#define HAVE_SYS_STAT_H 1
#define HAVE_STDLIB_H 1
#define HAVE_STRING_H 1
#define HAVE_MEMORY_H 1
#define HAVE_STRINGS_H 1
#define HAVE_INTTYPES_H 1
#define HAVE_STDINT_H 1
#define HAVE_UNISTD_H 1
#define HAVE_STDLIB_H 1
#define HAVE_STDINT_H 1
#define HAVE_STRING_H 1
#define HAVE_PCAP_H 1
#define HAVE_SQLITE3_H 1

configure: exit 0
